\BOOKMARK [0][-]{chapter*.2}{Contents}{}% 1
\BOOKMARK [0][-]{chapter.1}{Introduction}{}% 2
\BOOKMARK [0][-]{chapter.2}{The College}{}% 3
\BOOKMARK [1][-]{section.2.1}{History}{chapter.2}% 4
\BOOKMARK [1][-]{section.2.2}{College motto}{chapter.2}% 5
\BOOKMARK [1][-]{section.2.3}{New College today}{chapter.2}% 6
\BOOKMARK [0][-]{chapter.3}{People}{}% 7
\BOOKMARK [1][-]{section.3.1}{The MCR committee}{chapter.3}% 8
\BOOKMARK [1][-]{section.3.2}{People in college}{chapter.3}% 9
\BOOKMARK [0][-]{chapter.4}{Facilities}{}% 10
\BOOKMARK [1][-]{section.4.1}{New College}{chapter.4}% 11
\BOOKMARK [1][-]{section.4.2}{The University}{chapter.4}% 12
\BOOKMARK [1][-]{section.4.3}{Town}{chapter.4}% 13
\BOOKMARK [1][-]{section.4.4}{Doctors}{chapter.4}% 14
\BOOKMARK [0][-]{chapter.5}{What the MCR does for you}{}% 15
\BOOKMARK [1][-]{section.5.1}{Freshers' Fortnight}{chapter.5}% 16
\BOOKMARK [1][-]{section.5.2}{Guest night}{chapter.5}% 17
\BOOKMARK [1][-]{section.5.3}{End-of-year garden party}{chapter.5}% 18
\BOOKMARK [1][-]{section.5.4}{Exchange dinners}{chapter.5}% 19
\BOOKMARK [1][-]{section.5.5}{Brunch}{chapter.5}% 20
\BOOKMARK [1][-]{section.5.6}{Bar Nights}{chapter.5}% 21
\BOOKMARK [1][-]{section.5.7}{Bar Nights}{chapter.5}% 22
\BOOKMARK [1][-]{section.5.8}{Bops}{chapter.5}% 23
\BOOKMARK [1][-]{section.5.9}{New Collection}{chapter.5}% 24
\BOOKMARK [1][-]{section.5.10}{Roundtables discussions}{chapter.5}% 25
\BOOKMARK [1][-]{section.5.11}{The MCR play}{chapter.5}% 26
\BOOKMARK [1][-]{section.5.12}{Other events}{chapter.5}% 27
\BOOKMARK [0][-]{chapter.6}{Accommodation}{}% 28
\BOOKMARK [1][-]{section.6.1}{Weston Buildings}{chapter.6}% 29
\BOOKMARK [1][-]{section.6.2}{Warham House}{chapter.6}% 30
\BOOKMARK [1][-]{section.6.3}{Castle Mill}{chapter.6}% 31
\BOOKMARK [0][-]{chapter.7}{Money}{}% 32
\BOOKMARK [1][-]{section.7.1}{Battels}{chapter.7}% 33
\BOOKMARK [1][-]{section.7.2}{Till account}{chapter.7}% 34
\BOOKMARK [1][-]{section.7.3}{Grants and bursaries}{chapter.7}% 35
\BOOKMARK [1][-]{section.7.4}{Earning money}{chapter.7}% 36
\BOOKMARK [0][-]{chapter.8}{Essential admin after arrival}{}% 37
\BOOKMARK [1][-]{section.8.1}{Room key}{chapter.8}% 38
\BOOKMARK [1][-]{section.8.2}{Bod-card}{chapter.8}% 39
\BOOKMARK [1][-]{section.8.3}{E-mail lists}{chapter.8}% 40
\BOOKMARK [0][-]{chapter.9}{Local information}{}% 41
\BOOKMARK [1][-]{section.9.1}{Things to bring}{chapter.9}% 42
\BOOKMARK [1][-]{section.9.2}{Gowns and academic dress}{chapter.9}% 43
\BOOKMARK [1][-]{section.9.3}{Bicycles}{chapter.9}% 44
\BOOKMARK [1][-]{section.9.4}{Welfare}{chapter.9}% 45
\BOOKMARK [1][-]{section.9.5}{LGBTQ+ students}{chapter.9}% 46
\BOOKMARK [1][-]{section.9.6}{Terms}{chapter.9}% 47
\BOOKMARK [1][-]{section.9.7}{Transportation}{chapter.9}% 48
\BOOKMARK [0][-]{chapter.10}{Information for Overseas Students}{}% 49
\BOOKMARK [1][-]{section.10.1}{Banking}{chapter.10}% 50
\BOOKMARK [1][-]{section.10.2}{Electricity and appliances}{chapter.10}% 51
\BOOKMARK [1][-]{section.10.3}{Work}{chapter.10}% 52
\BOOKMARK [1][-]{section.10.4}{Health care}{chapter.10}% 53
\BOOKMARK [1][-]{section.10.5}{Mobile phones}{chapter.10}% 54
